Using pre-set license
Built from '2022.3/staging' branch; Version is '2022.3.11f1 (d00248457e15) revision 13632072'; Using compiler version '192829333'; Build Type 'Release'
OS: 'Windows 11  (10.0.26100) 64bit Core' Language: 'en' Physical Memory: 32469 MB
BatchMode: 1, IsHumanControllingUs: 0, StartBugReporterOnCrash: 0, Is64bit: 1, IsPro: 1

COMMAND LINE ARGUMENTS:
C:\Program Files\Unity\Hub\Editor\2022.3.11f1\Editor\Unity.exe
-adb2
-batchMode
-noUpm
-name
AssetImportWorker1
-projectPath
C:/Users/nisha/Desktop/CSE 165 - 3D User Interaction/Assignment 1
-logFile
Logs/AssetImportWorker1.log
-srvPort
50234
Successfully changed project path to: C:/Users/nisha/Desktop/CSE 165 - 3D User Interaction/Assignment 1
C:/Users/nisha/Desktop/CSE 165 - 3D User Interaction/Assignment 1
[UnityMemory] Configuration Parameters - Can be set up in boot.config
    "memorysetup-bucket-allocator-granularity=16"
    "memorysetup-bucket-allocator-bucket-count=8"
    "memorysetup-bucket-allocator-block-size=33554432"
    "memorysetup-bucket-allocator-block-count=8"
    "memorysetup-main-allocator-block-size=16777216"
    "memorysetup-thread-allocator-block-size=16777216"
    "memorysetup-gfx-main-allocator-block-size=16777216"
    "memorysetup-gfx-thread-allocator-block-size=16777216"
    "memorysetup-cache-allocator-block-size=4194304"
    "memorysetup-typetree-allocator-block-size=2097152"
    "memorysetup-profiler-bucket-allocator-granularity=16"
    "memorysetup-profiler-bucket-allocator-bucket-count=8"
    "memorysetup-profiler-bucket-allocator-block-size=33554432"
    "memorysetup-profiler-bucket-allocator-block-count=8"
    "memorysetup-profiler-allocator-block-size=16777216"
    "memorysetup-profiler-editor-allocator-block-size=1048576"
    "memorysetup-temp-allocator-size-main=16777216"
    "memorysetup-job-temp-allocator-block-size=2097152"
    "memorysetup-job-temp-allocator-block-size-background=1048576"
    "memorysetup-job-temp-allocator-reduction-small-platforms=262144"
    "memorysetup-allocator-temp-initial-block-size-main=262144"
    "memorysetup-allocator-temp-initial-block-size-worker=262144"
    "memorysetup-temp-allocator-size-background-worker=32768"
    "memorysetup-temp-allocator-size-job-worker=262144"
    "memorysetup-temp-allocator-size-preload-manager=33554432"
    "memorysetup-temp-allocator-size-nav-mesh-worker=65536"
    "memorysetup-temp-allocator-size-audio-worker=65536"
    "memorysetup-temp-allocator-size-cloud-worker=32768"
    "memorysetup-temp-allocator-size-gi-baking-worker=262144"
    "memorysetup-temp-allocator-size-gfx=262144"
Player connection [71152] Host "[IP] 100.81.33.188 [Port] 0 [Flags] 2 [Guid] 2730904575 [EditorId] 2730904575 [Version] 1048832 [Id] WindowsEditor(7,MSI) [Debug] 1 [PackageName] WindowsEditor [ProjectName] Editor" joined multi-casting on [225.0.0.222:54997]...

Player connection [71152] Host "[IP] 100.81.33.188 [Port] 0 [Flags] 2 [Guid] 2730904575 [EditorId] 2730904575 [Version] 1048832 [Id] WindowsEditor(7,MSI) [Debug] 1 [PackageName] WindowsEditor [ProjectName] Editor" joined alternative multi-casting on [225.0.0.222:34997]...

[Physics::Module] Initialized MultithreadedJobDispatcher with 31 workers.
Refreshing native plugins compatible for Editor in 8.91 ms, found 3 plugins.
Preloading 0 native plugins for Editor in 0.00 ms.
Initialize engine version: 2022.3.11f1 (d00248457e15)
[Subsystems] Discovering subsystems at path C:/Program Files/Unity/Hub/Editor/2022.3.11f1/Editor/Data/Resources/UnitySubsystems
[Subsystems] Discovering subsystems at path C:/Users/nisha/Desktop/CSE 165 - 3D User Interaction/Assignment 1/Assets
GfxDevice: creating device client; threaded=0; jobified=0
Direct3D:
    Version:  Direct3D 11.0 [level 11.1]
    Renderer: NVIDIA GeForce RTX 4060 Laptop GPU (ID=0x28a0)
    Vendor:   NVIDIA
    VRAM:     7957 MB
    Driver:   31.0.15.5188
Initialize mono
Mono path[0] = 'C:/Program Files/Unity/Hub/Editor/2022.3.11f1/Editor/Data/Managed'
Mono path[1] = 'C:/Program Files/Unity/Hub/Editor/2022.3.11f1/Editor/Data/MonoBleedingEdge/lib/mono/unityjit-win32'
Mono config path = 'C:/Program Files/Unity/Hub/Editor/2022.3.11f1/Editor/Data/MonoBleedingEdge/etc'
Using monoOptions --debugger-agent=transport=dt_socket,embedding=1,server=y,suspend=n,address=127.0.0.1:56920
Begin MonoManager ReloadAssembly
Registering precompiled unity dll's ...
Register platform support module: C:/Program Files/Unity/Hub/Editor/2022.3.11f1/Editor/Data/PlaybackEngines/WebGLSupport/UnityEditor.WebGL.Extensions.dll
Register platform support module: C:/Program Files/Unity/Hub/Editor/2022.3.11f1/Editor/Data/PlaybackEngines/WindowsStandaloneSupport/UnityEditor.WindowsStandalone.Extensions.dll
Registered in 0.018519 seconds.
- Loaded All Assemblies, in  0.469 seconds
Native extension for WindowsStandalone target not found
Native extension for WebGL target not found
Mono: successfully reloaded assembly
- Finished resetting the current domain, in  0.354 seconds
Domain Reload Profiling: 819ms
	BeginReloadAssembly (135ms)
		ExecutionOrderSort (0ms)
		DisableScriptedObjects (0ms)
		BackupInstance (0ms)
		ReleaseScriptingObjects (0ms)
		CreateAndSetChildDomain (1ms)
	RebuildCommonClasses (42ms)
	RebuildNativeTypeToScriptingClass (14ms)
	initialDomainReloadingComplete (94ms)
	LoadAllAssembliesAndSetupDomain (180ms)
		LoadAssemblies (133ms)
		RebuildTransferFunctionScriptingTraits (0ms)
		AnalyzeDomain (176ms)
			TypeCache.Refresh (174ms)
				TypeCache.ScanAssembly (158ms)
			ScanForSourceGeneratedMonoScriptInfo (0ms)
			ResolveRequiredComponents (1ms)
	FinalizeReload (355ms)
		ReleaseScriptCaches (0ms)
		RebuildScriptCaches (0ms)
		SetupLoadedEditorAssemblies (273ms)
			LogAssemblyErrors (0ms)
			InitializePlatformSupportModulesInManaged (16ms)
			SetLoadedEditorAssemblies (7ms)
			RefreshPlugins (0ms)
			BeforeProcessingInitializeOnLoad (3ms)
			ProcessInitializeOnLoadAttributes (175ms)
			ProcessInitializeOnLoadMethodAttributes (72ms)
			AfterProcessingInitializeOnLoad (0ms)
			EditorAssembliesLoaded (0ms)
		ExecutionOrderSort2 (0ms)
		AwakeInstancesAfterBackupRestoration (0ms)
========================================================================
Worker process is ready to serve import requests
Begin MonoManager ReloadAssembly
- Loaded All Assemblies, in  1.274 seconds
Refreshing native plugins compatible for Editor in 7.90 ms, found 3 plugins.
Native extension for WindowsStandalone target not found
Native extension for WebGL target not found
Package Manager log level set to [2]
[Package Manager] Server::EnsureServerProcessIsRunning -- launch failed, reason: Unity was launched with the -noUpm command-line argument
[Package Manager] UpmClient::Send -- Unable to send message (not connected to UPM process).
[Package Manager] Cannot connect to Unity Package Manager local server
Mono: successfully reloaded assembly
- Finished resetting the current domain, in  1.128 seconds
Domain Reload Profiling: 2392ms
	BeginReloadAssembly (292ms)
		ExecutionOrderSort (0ms)
		DisableScriptedObjects (10ms)
		BackupInstance (0ms)
		ReleaseScriptingObjects (0ms)
		CreateAndSetChildDomain (35ms)
	RebuildCommonClasses (67ms)
	RebuildNativeTypeToScriptingClass (19ms)
	initialDomainReloadingComplete (95ms)
	LoadAllAssembliesAndSetupDomain (789ms)
		LoadAssemblies (640ms)
		RebuildTransferFunctionScriptingTraits (0ms)
		AnalyzeDomain (327ms)
			TypeCache.Refresh (291ms)
				TypeCache.ScanAssembly (263ms)
			ScanForSourceGeneratedMonoScriptInfo (26ms)
			ResolveRequiredComponents (7ms)
	FinalizeReload (1129ms)
		ReleaseScriptCaches (0ms)
		RebuildScriptCaches (0ms)
		SetupLoadedEditorAssemblies (840ms)
			LogAssemblyErrors (0ms)
			InitializePlatformSupportModulesInManaged (18ms)
			SetLoadedEditorAssemblies (9ms)
			RefreshPlugins (0ms)
			BeforeProcessingInitializeOnLoad (131ms)
			ProcessInitializeOnLoadAttributes (623ms)
			ProcessInitializeOnLoadMethodAttributes (39ms)
			AfterProcessingInitializeOnLoad (20ms)
			EditorAssembliesLoaded (0ms)
		ExecutionOrderSort2 (0ms)
		AwakeInstancesAfterBackupRestoration (15ms)
Launched and connected shader compiler UnityShaderCompiler.exe after 0.26 seconds
Refreshing native plugins compatible for Editor in 6.96 ms, found 3 plugins.
Preloading 0 native plugins for Editor in 0.00 ms.
Unloading 3082 Unused Serialized files (Serialized files now loaded: 0)
Unloading 32 unused Assets / (56.9 KB). Loaded Objects now: 3544.
Memory consumption went from 124.1 MB to 124.0 MB.
Total: 5.330000 ms (FindLiveObjects: 0.312400 ms CreateObjectMapping: 0.117300 ms MarkObjects: 4.700300 ms  DeleteObjects: 0.198200 ms)

AssetImportParameters requested are different than current active one (requested -> active):
  custom:container-demuxer-ogg: 62fdf1f143b41e24485cea50d1cbac27 -> 
  custom:video-codec-MediaFoundation-h265: 746d11721c4dcdbdad8f713fa42b33f4 -> 
  custom:video-decoder-ogg-theora: a1e56fd34408186e4bbccfd4996cb3dc -> 
  custom:framework-win-MediaFoundation: 216162199b28c13a410421893ffa2e32 -> 
  custom:CustomObjectIndexerAttribute: 756ad292c208cfabdd7b50bc23989ffe -> 
  custom:container-demuxer-webm: 4f35f7cbe854078d1ac9338744f61a02 -> 
  custom:container-muxer-webm: aa71ff27fc2769a1b78a27578f13a17b -> 
  custom:video-decoder-webm-vp8: 9c59270c3fd7afecdb556c50c9e8de78 -> 
  custom:SearchIndexIgnoredProperties: e643bd26f0fe6173181afceb89e7c659 -> 
  custom:AudioImporter_EditorPlatform: d09bf68614088b80899f8185d706f6e7 -> 
  custom:video-encoder-webm-vp8: eb34c28f22e8b96e1ab97ce403110664 -> 
  custom:audio-decoder-ogg-vorbis: bf7c407c2cedff20999df2af8eb42d56 -> 
  custom:audio-encoder-webm-vorbis: bf7c407c2cedff20999df2af8eb42d56 -> 
========================================================================
Received Import Request.
  Time since last request: 279414.905217 seconds.
  path: Packages/com.unity.ext.nunit/package.json
  artifactKey: Guid(8143d3a8390f2c64685e3bc272bd9e90) Importer(815301076,1909f56bfc062723c751e8b465ee728b)
Start importing Packages/com.unity.ext.nunit/package.json using Guid(8143d3a8390f2c64685e3bc272bd9e90) Importer(815301076,1909f56bfc062723c751e8b465ee728b)  -> (artifact id: '02e6ff00f4d339ca929f0df7e6e68e04') in 0.019318 seconds
Number of updated asset objects reloaded before import = 0
Number of asset objects unloaded after import = 1
========================================================================
Received Import Request.
  Time since last request: 8.993367 seconds.
  path: Assets/Assets/VrLab/chair.fbx
  artifactKey: Guid(a065124343b1f4138856e866b5629abc) Importer(815301076,1909f56bfc062723c751e8b465ee728b)
Start importing Assets/Assets/VrLab/chair.fbx using Guid(a065124343b1f4138856e866b5629abc) Importer(815301076,1909f56bfc062723c751e8b465ee728b)  -> (artifact id: '72379023325e320c826acd4ab49546f2') in 0.633846 seconds
Number of updated asset objects reloaded before import = 0
Number of asset objects unloaded after import = 195
========================================================================
Received Import Request.
  Time since last request: 0.000036 seconds.
  path: Assets/Assets/VrLab/locker.fbx
  artifactKey: Guid(9a1e3372d34f84096b0cdeb647a6c972) Importer(815301076,1909f56bfc062723c751e8b465ee728b)
Start importing Assets/Assets/VrLab/locker.fbx using Guid(9a1e3372d34f84096b0cdeb647a6c972) Importer(815301076,1909f56bfc062723c751e8b465ee728b)  -> (artifact id: '3078cc60ebe931a08e4843ca7d90a344') in 0.552592 seconds
Number of updated asset objects reloaded before import = 0
Number of asset objects unloaded after import = 550
========================================================================
Received Import Request.
  Time since last request: 6.637101 seconds.
  path: Assets/Assets/Tent/Model/concrete 1.png
  artifactKey: Guid(ebe98d77ad12c419da51bc7387d1af14) Importer(815301076,1909f56bfc062723c751e8b465ee728b)
Start importing Assets/Assets/Tent/Model/concrete 1.png using Guid(ebe98d77ad12c419da51bc7387d1af14) Importer(815301076,1909f56bfc062723c751e8b465ee728b)  -> (artifact id: '780b9ce18cfcf79886b2dbd98e811efa') in 0.024527 seconds
Number of updated asset objects reloaded before import = 0
Number of asset objects unloaded after import = 2
========================================================================
Received Import Request.
  Time since last request: 0.073435 seconds.
  path: Assets/Assets/Tent/Model/light-bar.mat
  artifactKey: Guid(f6aa93f9d219e4273ba9075843351beb) Importer(815301076,1909f56bfc062723c751e8b465ee728b)
Start importing Assets/Assets/Tent/Model/light-bar.mat using Guid(f6aa93f9d219e4273ba9075843351beb) Importer(815301076,1909f56bfc062723c751e8b465ee728b)  -> (artifact id: '55c275964fb08032d928d7310ee71b8a') in 0.012824 seconds
Number of updated asset objects reloaded before import = 0
Number of asset objects unloaded after import = 1
========================================================================
Received Import Request.
  Time since last request: 0.097980 seconds.
  path: Assets/Assets/Tent/Model/light-wire.mat
  artifactKey: Guid(77c73eb08e5eb4adfaef7938d6810c39) Importer(815301076,1909f56bfc062723c751e8b465ee728b)
Start importing Assets/Assets/Tent/Model/light-wire.mat using Guid(77c73eb08e5eb4adfaef7938d6810c39) Importer(815301076,1909f56bfc062723c751e8b465ee728b)  -> (artifact id: '3ad726fec451290ee6e36f285f56c3d0') in 0.010007 seconds
Number of updated asset objects reloaded before import = 0
Number of asset objects unloaded after import = 1
========================================================================
Received Import Request.
  Time since last request: 0.100298 seconds.
  path: Assets/Assets/Tent/Model/Steel-screw.mat
  artifactKey: Guid(4ed836d24acbc455086aac657b63843f) Importer(815301076,1909f56bfc062723c751e8b465ee728b)
Start importing Assets/Assets/Tent/Model/Steel-screw.mat using Guid(4ed836d24acbc455086aac657b63843f) Importer(815301076,1909f56bfc062723c751e8b465ee728b)  -> (artifact id: '1ecfa1e77758cbda31f0760621ea08e9') in 0.011857 seconds
Number of updated asset objects reloaded before import = 0
Number of asset objects unloaded after import = 1
========================================================================
Received Import Request.
  Time since last request: 0.000020 seconds.
  path: Assets/Assets/Tent/Model/steel.mat
  artifactKey: Guid(f818b3b7db0c04aae971ae6e02803f3b) Importer(815301076,1909f56bfc062723c751e8b465ee728b)
Start importing Assets/Assets/Tent/Model/steel.mat using Guid(f818b3b7db0c04aae971ae6e02803f3b) Importer(815301076,1909f56bfc062723c751e8b465ee728b)  -> (artifact id: '3c5d68bfc246900e368a80278394db73') in 0.011193 seconds
Number of updated asset objects reloaded before import = 0
Number of asset objects unloaded after import = 1
========================================================================
Received Import Request.
  Time since last request: 0.000333 seconds.
  path: Assets/Assets/Tent/Model/light-steel.mat
  artifactKey: Guid(8f5dd17a7ca3a41d9842a2e783a284b4) Importer(815301076,1909f56bfc062723c751e8b465ee728b)
Start importing Assets/Assets/Tent/Model/light-steel.mat using Guid(8f5dd17a7ca3a41d9842a2e783a284b4) Importer(815301076,1909f56bfc062723c751e8b465ee728b)  -> (artifact id: '4a18b39f7d20619daaa622d6ef719adb') in 0.011322 seconds
Number of updated asset objects reloaded before import = 0
Number of asset objects unloaded after import = 1
========================================================================
Received Import Request.
  Time since last request: 0.000542 seconds.
  path: Assets/Assets/Tent/Model/light-bulb.mat
  artifactKey: Guid(76c1407541f0a43ceba67c21e649e7e3) Importer(815301076,1909f56bfc062723c751e8b465ee728b)
Start importing Assets/Assets/Tent/Model/light-bulb.mat using Guid(76c1407541f0a43ceba67c21e649e7e3) Importer(815301076,1909f56bfc062723c751e8b465ee728b)  -> (artifact id: '0830e78e27d8d0dd4651589c5964fa24') in 0.082466 seconds
Number of updated asset objects reloaded before import = 0
Number of asset objects unloaded after import = 1
========================================================================
Received Import Request.
  Time since last request: 0.000327 seconds.
  path: Assets/Assets/Tent/Model/Logo 1.jpg
  artifactKey: Guid(3aa1f17c8852d45ed9f7ecff5c991fc3) Importer(815301076,1909f56bfc062723c751e8b465ee728b)
Start importing Assets/Assets/Tent/Model/Logo 1.jpg using Guid(3aa1f17c8852d45ed9f7ecff5c991fc3) Importer(815301076,1909f56bfc062723c751e8b465ee728b)  -> (artifact id: 'fda1f3afa086ff46ded03b20110bed90') in 0.020256 seconds
Number of updated asset objects reloaded before import = 0
Number of asset objects unloaded after import = 2
========================================================================
Received Import Request.
  Time since last request: 0.000741 seconds.
  path: Assets/Assets/Tent/Model/steel-beam.mat
  artifactKey: Guid(3e80915cffd91469cb4c763105c4cb83) Importer(815301076,1909f56bfc062723c751e8b465ee728b)
Start importing Assets/Assets/Tent/Model/steel-beam.mat using Guid(3e80915cffd91469cb4c763105c4cb83) Importer(815301076,1909f56bfc062723c751e8b465ee728b)  -> (artifact id: '577be1865d1d72bc51ec6a1549b16ecf') in 0.010681 seconds
Number of updated asset objects reloaded before import = 0
Number of asset objects unloaded after import = 1
========================================================================
Received Import Request.
  Time since last request: 7.808673 seconds.
  path: Assets/Assets/Medical equipment/Medical packaging/Package_3.fbx
  artifactKey: Guid(54b90014d0ba852449f16c67cc334e72) Importer(815301076,1909f56bfc062723c751e8b465ee728b)
Start importing Assets/Assets/Medical equipment/Medical packaging/Package_3.fbx using Guid(54b90014d0ba852449f16c67cc334e72) Importer(815301076,1909f56bfc062723c751e8b465ee728b)  -> (artifact id: '0796a688d09d5c4ea38ff616962237c5') in 0.018103 seconds
Number of updated asset objects reloaded before import = 0
Number of asset objects unloaded after import = 8
========================================================================
Received Import Request.
  Time since last request: 0.076566 seconds.
  path: Assets/Assets/Medical equipment/Medical packaging/Package_5.fbx
  artifactKey: Guid(8d355d510b9de514d8cae09a717877ba) Importer(815301076,1909f56bfc062723c751e8b465ee728b)
Start importing Assets/Assets/Medical equipment/Medical packaging/Package_5.fbx using Guid(8d355d510b9de514d8cae09a717877ba) Importer(815301076,1909f56bfc062723c751e8b465ee728b)  -> (artifact id: 'bd65d2edb99c244cb26c225e6de905da') in 0.020902 seconds
Number of updated asset objects reloaded before import = 0
Number of asset objects unloaded after import = 8
========================================================================
Received Import Request.
  Time since last request: 0.081347 seconds.
  path: Assets/Assets/Medical equipment/Medical packaging/Package_12.fbx
  artifactKey: Guid(811979a9233e2094580a529547eba401) Importer(815301076,1909f56bfc062723c751e8b465ee728b)
Start importing Assets/Assets/Medical equipment/Medical packaging/Package_12.fbx using Guid(811979a9233e2094580a529547eba401) Importer(815301076,1909f56bfc062723c751e8b465ee728b)  -> (artifact id: '10f1490a2431041a3be6f46bbf1c3061') in 0.021212 seconds
Number of updated asset objects reloaded before import = 0
Number of asset objects unloaded after import = 8
========================================================================
Received Import Request.
  Time since last request: 0.000248 seconds.
  path: Assets/Assets/Medical equipment/Medical packaging/Package_13.fbx
  artifactKey: Guid(0eb0f7176e9e00641b4870ec496ce3b8) Importer(815301076,1909f56bfc062723c751e8b465ee728b)
Start importing Assets/Assets/Medical equipment/Medical packaging/Package_13.fbx using Guid(0eb0f7176e9e00641b4870ec496ce3b8) Importer(815301076,1909f56bfc062723c751e8b465ee728b)  -> (artifact id: '9c184a7d8f5f42acaf0ebaeb90cc8650') in 0.017837 seconds
Number of updated asset objects reloaded before import = 0
Number of asset objects unloaded after import = 8
========================================================================
Received Import Request.
  Time since last request: 0.000368 seconds.
  path: Assets/Assets/Medical equipment/Medical packaging/Package_10.fbx
  artifactKey: Guid(f7c479a9273b42342b071b591dfd93f5) Importer(815301076,1909f56bfc062723c751e8b465ee728b)
Start importing Assets/Assets/Medical equipment/Medical packaging/Package_10.fbx using Guid(f7c479a9273b42342b071b591dfd93f5) Importer(815301076,1909f56bfc062723c751e8b465ee728b)  -> (artifact id: '097a87c1b3e77aa3d1d85352b2d8fa41') in 0.014516 seconds
Number of updated asset objects reloaded before import = 0
Number of asset objects unloaded after import = 8
========================================================================
Received Import Request.
  Time since last request: 2.734250 seconds.
  path: Assets/Assets/Medical equipment/Medical instruments/M_Medical_instrument_4.mat
  artifactKey: Guid(3d92ce968af946a439f95e991fabee18) Importer(815301076,1909f56bfc062723c751e8b465ee728b)
Start importing Assets/Assets/Medical equipment/Medical instruments/M_Medical_instrument_4.mat using Guid(3d92ce968af946a439f95e991fabee18) Importer(815301076,1909f56bfc062723c751e8b465ee728b)  -> (artifact id: '521db8c2c4be2fde68a61c56c032917c') in 0.239842 seconds
Number of updated asset objects reloaded before import = 0
Number of asset objects unloaded after import = 4
========================================================================
Received Import Request.
  Time since last request: 0.000303 seconds.
  path: Assets/Assets/Medical equipment/Medical instruments/T_Medical_instrument_2_Normal.png
  artifactKey: Guid(cc1fb7f520cb52b40ae83ffd94508daf) Importer(815301076,1909f56bfc062723c751e8b465ee728b)
Start importing Assets/Assets/Medical equipment/Medical instruments/T_Medical_instrument_2_Normal.png using Guid(cc1fb7f520cb52b40ae83ffd94508daf) Importer(815301076,1909f56bfc062723c751e8b465ee728b)  -> (artifact id: '8525c67befed8ee62ab45497c47d4c5f') in 0.021836 seconds
Number of updated asset objects reloaded before import = 0
Number of asset objects unloaded after import = 2
========================================================================
Received Import Request.
  Time since last request: 0.000127 seconds.
  path: Assets/Assets/Medical equipment/Medical instruments/M_Medical_instrument_13.mat
  artifactKey: Guid(4aef9d0e954e8ef4bb322be21af175ac) Importer(815301076,1909f56bfc062723c751e8b465ee728b)
Start importing Assets/Assets/Medical equipment/Medical instruments/M_Medical_instrument_13.mat using Guid(4aef9d0e954e8ef4bb322be21af175ac) Importer(815301076,1909f56bfc062723c751e8b465ee728b)  -> (artifact id: '1f5efa18b5cfb1bce6d90c0db46dfee1') in 0.011585 seconds
Number of updated asset objects reloaded before import = 0
Number of asset objects unloaded after import = 4
========================================================================
Received Import Request.
  Time since last request: 0.000018 seconds.
  path: Assets/Assets/Medical equipment/Medical instruments/T_Medical_instrument_3_AlbedoTransparency.png
  artifactKey: Guid(9bc71a26d7bc546448ef807f1207c090) Importer(815301076,1909f56bfc062723c751e8b465ee728b)
Start importing Assets/Assets/Medical equipment/Medical instruments/T_Medical_instrument_3_AlbedoTransparency.png using Guid(9bc71a26d7bc546448ef807f1207c090) Importer(815301076,1909f56bfc062723c751e8b465ee728b)  -> (artifact id: '6478a1116e4b12cab01cb9118c3233a4') in 0.016989 seconds
Number of updated asset objects reloaded before import = 0
Number of asset objects unloaded after import = 2
========================================================================
Received Import Request.
  Time since last request: 0.000304 seconds.
  path: Assets/Assets/Medical equipment/Medical instruments/Medical_instrument_5.fbx
  artifactKey: Guid(77f3ca7d70f6e404bb998a7ed7390115) Importer(815301076,1909f56bfc062723c751e8b465ee728b)
Start importing Assets/Assets/Medical equipment/Medical instruments/Medical_instrument_5.fbx using Guid(77f3ca7d70f6e404bb998a7ed7390115) Importer(815301076,1909f56bfc062723c751e8b465ee728b)  -> (artifact id: '4269068a26ce014e0004e2b61be00612') in 0.017380 seconds
Number of updated asset objects reloaded before import = 0
Number of asset objects unloaded after import = 11
Editor requested this worker to shutdown with reason: Scaling down because of idle timeout
TcpMessagingSession - receive error
AssetImportWorkerClient::OnTransportError - code=2 error=End of file
AssetImportWorker is now disconnected from the server
Process exiting
Exiting without the bug reporter. Application will terminate with return code 0