Using pre-set license
Built from '2022.3/staging' branch; Version is '2022.3.11f1 (d00248457e15) revision 13632072'; Using compiler version '192829333'; Build Type 'Release'
OS: 'Windows 11  (10.0.26100) 64bit Core' Language: 'en' Physical Memory: 32469 MB
BatchMode: 1, IsHumanControllingUs: 0, StartBugReporterOnCrash: 0, Is64bit: 1, IsPro: 1

COMMAND LINE ARGUMENTS:
C:\Program Files\Unity\Hub\Editor\2022.3.11f1\Editor\Unity.exe
-adb2
-batchMode
-noUpm
-name
AssetImportWorker0
-projectPath
C:/Users/nisha/Desktop/CSE 165 - 3D User Interaction/Assignment 0
-logFile
Logs/AssetImportWorker0.log
-srvPort
54133
Successfully changed project path to: C:/Users/nisha/Desktop/CSE 165 - 3D User Interaction/Assignment 0
C:/Users/nisha/Desktop/CSE 165 - 3D User Interaction/Assignment 0
[UnityMemory] Configuration Parameters - Can be set up in boot.config
    "memorysetup-bucket-allocator-granularity=16"
    "memorysetup-bucket-allocator-bucket-count=8"
    "memorysetup-bucket-allocator-block-size=33554432"
    "memorysetup-bucket-allocator-block-count=8"
    "memorysetup-main-allocator-block-size=16777216"
    "memorysetup-thread-allocator-block-size=16777216"
    "memorysetup-gfx-main-allocator-block-size=16777216"
    "memorysetup-gfx-thread-allocator-block-size=16777216"
    "memorysetup-cache-allocator-block-size=4194304"
    "memorysetup-typetree-allocator-block-size=2097152"
    "memorysetup-profiler-bucket-allocator-granularity=16"
    "memorysetup-profiler-bucket-allocator-bucket-count=8"
    "memorysetup-profiler-bucket-allocator-block-size=33554432"
    "memorysetup-profiler-bucket-allocator-block-count=8"
    "memorysetup-profiler-allocator-block-size=16777216"
    "memorysetup-profiler-editor-allocator-block-size=1048576"
    "memorysetup-temp-allocator-size-main=16777216"
    "memorysetup-job-temp-allocator-block-size=2097152"
    "memorysetup-job-temp-allocator-block-size-background=1048576"
    "memorysetup-job-temp-allocator-reduction-small-platforms=262144"
    "memorysetup-allocator-temp-initial-block-size-main=262144"
    "memorysetup-allocator-temp-initial-block-size-worker=262144"
    "memorysetup-temp-allocator-size-background-worker=32768"
    "memorysetup-temp-allocator-size-job-worker=262144"
    "memorysetup-temp-allocator-size-preload-manager=33554432"
    "memorysetup-temp-allocator-size-nav-mesh-worker=65536"
    "memorysetup-temp-allocator-size-audio-worker=65536"
    "memorysetup-temp-allocator-size-cloud-worker=32768"
    "memorysetup-temp-allocator-size-gi-baking-worker=262144"
    "memorysetup-temp-allocator-size-gfx=262144"
Player connection [99992] Host "[IP] 172.18.160.1 [Port] 0 [Flags] 2 [Guid] 1460821099 [EditorId] 1460821099 [Version] 1048832 [Id] WindowsEditor(7,MSI) [Debug] 1 [PackageName] WindowsEditor [ProjectName] Editor" joined multi-casting on [225.0.0.222:54997]...

Player connection [99992] Host "[IP] 172.18.160.1 [Port] 0 [Flags] 2 [Guid] 1460821099 [EditorId] 1460821099 [Version] 1048832 [Id] WindowsEditor(7,MSI) [Debug] 1 [PackageName] WindowsEditor [ProjectName] Editor" joined alternative multi-casting on [225.0.0.222:34997]...

[Physics::Module] Initialized MultithreadedJobDispatcher with 31 workers.
Refreshing native plugins compatible for Editor in 22.38 ms, found 9 plugins.
Preloading 0 native plugins for Editor in 0.00 ms.
Initialize engine version: 2022.3.11f1 (d00248457e15)
[Subsystems] Discovering subsystems at path C:/Program Files/Unity/Hub/Editor/2022.3.11f1/Editor/Data/Resources/UnitySubsystems
[Subsystems] Discovering subsystems at path C:/Users/nisha/Desktop/CSE 165 - 3D User Interaction/Assignment 0/Assets
GfxDevice: creating device client; threaded=0; jobified=0
Direct3D:
    Version:  Direct3D 11.0 [level 11.1]
    Renderer: NVIDIA GeForce RTX 4060 Laptop GPU (ID=0x28a0)
    Vendor:   NVIDIA
    VRAM:     7957 MB
    Driver:   31.0.15.5188
Initialize mono
Mono path[0] = 'C:/Program Files/Unity/Hub/Editor/2022.3.11f1/Editor/Data/Managed'
Mono path[1] = 'C:/Program Files/Unity/Hub/Editor/2022.3.11f1/Editor/Data/MonoBleedingEdge/lib/mono/unityjit-win32'
Mono config path = 'C:/Program Files/Unity/Hub/Editor/2022.3.11f1/Editor/Data/MonoBleedingEdge/etc'
Using monoOptions --debugger-agent=transport=dt_socket,embedding=1,server=y,suspend=n,address=127.0.0.1:56200
Begin MonoManager ReloadAssembly
Registering precompiled unity dll's ...
Register platform support module: C:/Program Files/Unity/Hub/Editor/2022.3.11f1/Editor/Data/PlaybackEngines/WebGLSupport/UnityEditor.WebGL.Extensions.dll
Register platform support module: C:/Program Files/Unity/Hub/Editor/2022.3.11f1/Editor/Data/PlaybackEngines/WindowsStandaloneSupport/UnityEditor.WindowsStandalone.Extensions.dll
Registered in 0.010852 seconds.
- Loaded All Assemblies, in  0.293 seconds
Native extension for WindowsStandalone target not found
Native extension for WebGL target not found
Mono: successfully reloaded assembly
- Finished resetting the current domain, in  0.194 seconds
Domain Reload Profiling: 485ms
	BeginReloadAssembly (93ms)
		ExecutionOrderSort (0ms)
		DisableScriptedObjects (0ms)
		BackupInstance (0ms)
		ReleaseScriptingObjects (0ms)
		CreateAndSetChildDomain (1ms)
	RebuildCommonClasses (26ms)
	RebuildNativeTypeToScriptingClass (7ms)
	initialDomainReloadingComplete (53ms)
	LoadAllAssembliesAndSetupDomain (111ms)
		LoadAssemblies (91ms)
		RebuildTransferFunctionScriptingTraits (0ms)
		AnalyzeDomain (109ms)
			TypeCache.Refresh (108ms)
				TypeCache.ScanAssembly (97ms)
			ScanForSourceGeneratedMonoScriptInfo (0ms)
			ResolveRequiredComponents (0ms)
	FinalizeReload (195ms)
		ReleaseScriptCaches (0ms)
		RebuildScriptCaches (0ms)
		SetupLoadedEditorAssemblies (142ms)
			LogAssemblyErrors (0ms)
			InitializePlatformSupportModulesInManaged (9ms)
			SetLoadedEditorAssemblies (4ms)
			RefreshPlugins (0ms)
			BeforeProcessingInitializeOnLoad (2ms)
			ProcessInitializeOnLoadAttributes (95ms)
			ProcessInitializeOnLoadMethodAttributes (33ms)
			AfterProcessingInitializeOnLoad (0ms)
			EditorAssembliesLoaded (0ms)
		ExecutionOrderSort2 (0ms)
		AwakeInstancesAfterBackupRestoration (0ms)
========================================================================
Worker process is ready to serve import requests
Begin MonoManager ReloadAssembly
- Loaded All Assemblies, in  0.604 seconds
Refreshing native plugins compatible for Editor in 13.75 ms, found 9 plugins.
Native extension for WindowsStandalone target not found
Native extension for WebGL target not found
Package Manager log level set to [2]
[Package Manager] Server::EnsureServerProcessIsRunning -- launch failed, reason: Unity was launched with the -noUpm command-line argument
[Package Manager] UpmClient::Send -- Unable to send message (not connected to UPM process).
[Package Manager] Cannot connect to Unity Package Manager local server
[Package Manager] Server::EnsureServerProcessIsRunning -- launch failed, reason: Unity was launched with the -noUpm command-line argument
[Package Manager] UpmClient::Send -- Unable to send message (not connected to UPM process).
[Package Manager] Cannot connect to Unity Package Manager local server
Mono: successfully reloaded assembly
[Package Manager] Server::EnsureServerProcessIsRunning -- launch failed, reason: Unity was launched with the -noUpm command-line argument
[Package Manager] UpmClient::Send -- Unable to send message (not connected to UPM process).
[Package Manager] Cannot connect to Unity Package Manager local server
[Package Manager] Server::EnsureServerProcessIsRunning -- launch failed, reason: Unity was launched with the -noUpm command-line argument
[Package Manager] UpmClient::Send -- Unable to send message (not connected to UPM process).
[Package Manager] Cannot connect to Unity Package Manager local server
- Finished resetting the current domain, in  0.573 seconds
Domain Reload Profiling: 1173ms
	BeginReloadAssembly (115ms)
		ExecutionOrderSort (0ms)
		DisableScriptedObjects (4ms)
		BackupInstance (0ms)
		ReleaseScriptingObjects (0ms)
		CreateAndSetChildDomain (14ms)
	RebuildCommonClasses (25ms)
	RebuildNativeTypeToScriptingClass (8ms)
	initialDomainReloadingComplete (34ms)
	LoadAllAssembliesAndSetupDomain (418ms)
		LoadAssemblies (313ms)
		RebuildTransferFunctionScriptingTraits (0ms)
		AnalyzeDomain (176ms)
			TypeCache.Refresh (151ms)
				TypeCache.ScanAssembly (134ms)
			ScanForSourceGeneratedMonoScriptInfo (18ms)
			ResolveRequiredComponents (5ms)
	FinalizeReload (574ms)
		ReleaseScriptCaches (0ms)
		RebuildScriptCaches (0ms)
		SetupLoadedEditorAssemblies (439ms)
			LogAssemblyErrors (0ms)
			InitializePlatformSupportModulesInManaged (7ms)
			SetLoadedEditorAssemblies (3ms)
			RefreshPlugins (0ms)
			BeforeProcessingInitializeOnLoad (63ms)
			ProcessInitializeOnLoadAttributes (315ms)
			ProcessInitializeOnLoadMethodAttributes (41ms)
			AfterProcessingInitializeOnLoad (9ms)
			EditorAssembliesLoaded (0ms)
		ExecutionOrderSort2 (0ms)
		AwakeInstancesAfterBackupRestoration (7ms)
Launched and connected shader compiler UnityShaderCompiler.exe after 0.13 seconds
Refreshing native plugins compatible for Editor in 18.61 ms, found 9 plugins.
Preloading 0 native plugins for Editor in 0.00 ms.
Unloading 4360 Unused Serialized files (Serialized files now loaded: 0)
Unloading 75 unused Assets / (46.1 KB). Loaded Objects now: 4834.
Memory consumption went from 165.1 MB to 165.0 MB.
Total: 4.865000 ms (FindLiveObjects: 0.271200 ms CreateObjectMapping: 0.141100 ms MarkObjects: 4.347400 ms  DeleteObjects: 0.104300 ms)

AssetImportParameters requested are different than current active one (requested -> active):
  custom:container-demuxer-ogg: 62fdf1f143b41e24485cea50d1cbac27 -> 
  custom:video-codec-MediaFoundation-h265: 746d11721c4dcdbdad8f713fa42b33f4 -> 
  custom:video-decoder-ogg-theora: a1e56fd34408186e4bbccfd4996cb3dc -> 
  custom:framework-win-MediaFoundation: 216162199b28c13a410421893ffa2e32 -> 
  custom:CustomObjectIndexerAttribute: 756ad292c208cfabdd7b50bc23989ffe -> 
  custom:container-demuxer-webm: 4f35f7cbe854078d1ac9338744f61a02 -> 
  custom:container-muxer-webm: aa71ff27fc2769a1b78a27578f13a17b -> 
  custom:video-decoder-webm-vp8: 9c59270c3fd7afecdb556c50c9e8de78 -> 
  custom:SearchIndexIgnoredProperties: e643bd26f0fe6173181afceb89e7c659 -> 
  custom:AudioImporter_EditorPlatform: d09bf68614088b80899f8185d706f6e7 -> 
  custom:scripting/monoscript/fileName/MenuUtils.cs: ef61e56f05605c149332b0b451f694ed -> 
  custom:video-encoder-webm-vp8: eb34c28f22e8b96e1ab97ce403110664 -> 
  custom:audio-decoder-ogg-vorbis: bf7c407c2cedff20999df2af8eb42d56 -> 
  custom:audio-encoder-webm-vorbis: bf7c407c2cedff20999df2af8eb42d56 -> 
========================================================================
Received Import Request.
  Time since last request: 1177865.065880 seconds.
  path: Assets
  artifactKey: Guid(00000000000000001000000000000000) Importer(815301076,1909f56bfc062723c751e8b465ee728b)
Start importing Assets using Guid(00000000000000001000000000000000) Importer(815301076,1909f56bfc062723c751e8b465ee728b)  -> (artifact id: '8a4fe85251aa2e89732c359432baa2c3') in 0.002820 seconds
Number of updated asset objects reloaded before import = 0
Number of asset objects unloaded after import = 0
========================================================================
Received Import Request.
  Time since last request: 12.628448 seconds.
  path: Assets/Materials
  artifactKey: Guid(229e8b2dd8922594999debf8285cb441) Importer(815301076,1909f56bfc062723c751e8b465ee728b)
Start importing Assets/Materials using Guid(229e8b2dd8922594999debf8285cb441) Importer(815301076,1909f56bfc062723c751e8b465ee728b)  -> (artifact id: '74888aefb6f8d891eb1a7461138d93fa') in 0.001447 seconds
Number of updated asset objects reloaded before import = 0
Number of asset objects unloaded after import = 0
========================================================================
Received Import Request.
  Time since last request: 15.813579 seconds.
  path: Assets/Materials/New Material.mat
  artifactKey: Guid(85b5ba1806383f7439a5e132ffe83ed8) Importer(815301076,1909f56bfc062723c751e8b465ee728b)
Start importing Assets/Materials/New Material.mat using Guid(85b5ba1806383f7439a5e132ffe83ed8) Importer(815301076,1909f56bfc062723c751e8b465ee728b)  -> (artifact id: '1cc52e9d663bb3ed2a95baf7ceea4e91') in 0.089307 seconds
Number of updated asset objects reloaded before import = 0
Number of asset objects unloaded after import = 1
========================================================================
Received Import Request.
  Time since last request: 775.438515 seconds.
  path: Assets/WorldMaterialsFree
  artifactKey: Guid(97080f028a49f784dbb8c611e52b0163) Importer(815301076,1909f56bfc062723c751e8b465ee728b)
Start importing Assets/WorldMaterialsFree using Guid(97080f028a49f784dbb8c611e52b0163) Importer(815301076,1909f56bfc062723c751e8b465ee728b)  -> (artifact id: 'c11385b9604c35803e120f6cd91eb2c1') in 0.000947 seconds
Number of updated asset objects reloaded before import = 0
Number of asset objects unloaded after import = 0
========================================================================
Received Import Request.
  Time since last request: 2.106402 seconds.
  path: Assets/WorldMaterialsFree/Built-In_RPMaterials
  artifactKey: Guid(867b3307386c9654eb1df9258da2aa9c) Importer(815301076,1909f56bfc062723c751e8b465ee728b)
Start importing Assets/WorldMaterialsFree/Built-In_RPMaterials using Guid(867b3307386c9654eb1df9258da2aa9c) Importer(815301076,1909f56bfc062723c751e8b465ee728b)  -> (artifact id: '1184efbd3416d393a718b1e9977396d1') in 0.000646 seconds
Number of updated asset objects reloaded before import = 0
Number of asset objects unloaded after import = 0
========================================================================
Received Import Request.
  Time since last request: 0.058764 seconds.
  path: Assets/WorldMaterialsFree/Built-In_RPMaterials/AgedDarkWood_StandardShader.mat
  artifactKey: Guid(6e8442dd275001c4f9d167e8d1b8c962) Importer(815301076,1909f56bfc062723c751e8b465ee728b)
Start importing Assets/WorldMaterialsFree/Built-In_RPMaterials/AgedDarkWood_StandardShader.mat using Guid(6e8442dd275001c4f9d167e8d1b8c962) Importer(815301076,1909f56bfc062723c751e8b465ee728b)  -> (artifact id: 'b7a8ef7eaffa2c0ec6609175306e4136') in 0.234416 seconds
Number of updated asset objects reloaded before import = 0
Number of asset objects unloaded after import = 6
========================================================================
Received Import Request.
  Time since last request: 0.331543 seconds.
  path: Assets/WorldMaterialsFree/Built-In_RPMaterials/BathroomTiles_StandardShader.mat
  artifactKey: Guid(54161d75d68c76d47ac01572c964f8bc) Importer(815301076,1909f56bfc062723c751e8b465ee728b)
Start importing Assets/WorldMaterialsFree/Built-In_RPMaterials/BathroomTiles_StandardShader.mat using Guid(54161d75d68c76d47ac01572c964f8bc) Importer(815301076,1909f56bfc062723c751e8b465ee728b)  -> (artifact id: 'bb45f76289c560d14f94d9112de9263d') in 0.208211 seconds
Number of updated asset objects reloaded before import = 0
Number of asset objects unloaded after import = 5
========================================================================
Received Import Request.
  Time since last request: 0.372042 seconds.
  path: Assets/WorldMaterialsFree/Built-In_RPMaterials/BasketWeaveBricks_WMShader.mat
  artifactKey: Guid(d88a5817e21321744bd78ff809a0bbda) Importer(815301076,1909f56bfc062723c751e8b465ee728b)
Start importing Assets/WorldMaterialsFree/Built-In_RPMaterials/BasketWeaveBricks_WMShader.mat using Guid(d88a5817e21321744bd78ff809a0bbda) Importer(815301076,1909f56bfc062723c751e8b465ee728b)  -> (artifact id: '357bf5d3209bf3b222d097211c0e6cf0') in 0.320666 seconds
Number of updated asset objects reloaded before import = 0
Number of asset objects unloaded after import = 7
========================================================================
Received Import Request.
  Time since last request: 0.165686 seconds.
  path: Assets/WorldMaterialsFree/Built-In_RPMaterials/DesertCliffRock_StandardShader.mat
  artifactKey: Guid(ee2cbd091ade78d4d9ae2b3d259bc86b) Importer(815301076,1909f56bfc062723c751e8b465ee728b)
Start importing Assets/WorldMaterialsFree/Built-In_RPMaterials/DesertCliffRock_StandardShader.mat using Guid(ee2cbd091ade78d4d9ae2b3d259bc86b) Importer(815301076,1909f56bfc062723c751e8b465ee728b)  -> (artifact id: 'ce5cf9799e72bc29ac78baa8101a7bbe') in 0.018070 seconds
Number of updated asset objects reloaded before import = 0
Number of asset objects unloaded after import = 5
========================================================================
Received Import Request.
  Time since last request: 0.500194 seconds.
  path: Assets/WorldMaterialsFree/Built-In_RPMaterials/CoarseConcrete_StandardShader.mat
  artifactKey: Guid(5e8ed97749e472a4c9123bc956cf671c) Importer(815301076,1909f56bfc062723c751e8b465ee728b)
Start importing Assets/WorldMaterialsFree/Built-In_RPMaterials/CoarseConcrete_StandardShader.mat using Guid(5e8ed97749e472a4c9123bc956cf671c) Importer(815301076,1909f56bfc062723c751e8b465ee728b)  -> (artifact id: 'b2d74b5c2ec698beee1c6e9c0015c2cf') in 0.019684 seconds
Number of updated asset objects reloaded before import = 0
Number of asset objects unloaded after import = 5
========================================================================
Received Import Request.
  Time since last request: 0.526475 seconds.
  path: Assets/WorldMaterialsFree/Built-In_RPMaterials/DryRockyDirt_WMShader.mat
  artifactKey: Guid(1a0c4d18584a3f14087077d1dafa042e) Importer(815301076,1909f56bfc062723c751e8b465ee728b)
Start importing Assets/WorldMaterialsFree/Built-In_RPMaterials/DryRockyDirt_WMShader.mat using Guid(1a0c4d18584a3f14087077d1dafa042e) Importer(815301076,1909f56bfc062723c751e8b465ee728b)  -> (artifact id: '1a212ebad561484079aac04e53539a4c') in 0.031692 seconds
Number of updated asset objects reloaded before import = 0
Number of asset objects unloaded after import = 7
========================================================================
Received Import Request.
  Time since last request: 0.550984 seconds.
  path: Assets/WorldMaterialsFree/Built-In_RPMaterials/DesertSandBrick_StandardShader.mat
  artifactKey: Guid(481d1d21c29b1ed41b50472c451abfda) Importer(815301076,1909f56bfc062723c751e8b465ee728b)
Start importing Assets/WorldMaterialsFree/Built-In_RPMaterials/DesertSandBrick_StandardShader.mat using Guid(481d1d21c29b1ed41b50472c451abfda) Importer(815301076,1909f56bfc062723c751e8b465ee728b)  -> (artifact id: '70d5f31eddd6a782f3923604513395dc') in 0.028811 seconds
Number of updated asset objects reloaded before import = 0
Number of asset objects unloaded after import = 5
========================================================================
Received Import Request.
  Time since last request: 0.000038 seconds.
  path: Assets/WorldMaterialsFree/Built-In_RPMaterials/WaveSand_StandardShader.mat
  artifactKey: Guid(38915b34fb784e641be19e619ced4763) Importer(815301076,1909f56bfc062723c751e8b465ee728b)
Start importing Assets/WorldMaterialsFree/Built-In_RPMaterials/WaveSand_StandardShader.mat using Guid(38915b34fb784e641be19e619ced4763) Importer(815301076,1909f56bfc062723c751e8b465ee728b)  -> (artifact id: '86f10d4055f3a0f1e03d44d990ee5950') in 0.025732 seconds
Number of updated asset objects reloaded before import = 0
Number of asset objects unloaded after import = 5
========================================================================
Received Import Request.
  Time since last request: 0.000052 seconds.
  path: Assets/WorldMaterialsFree/Built-In_RPMaterials/SimpleRedBricks_StandardShader.mat
  artifactKey: Guid(3f070b9b51e38424e9597fbb6f473e87) Importer(815301076,1909f56bfc062723c751e8b465ee728b)
Start importing Assets/WorldMaterialsFree/Built-In_RPMaterials/SimpleRedBricks_StandardShader.mat using Guid(3f070b9b51e38424e9597fbb6f473e87) Importer(815301076,1909f56bfc062723c751e8b465ee728b)  -> (artifact id: 'aaefcc7e15b45848e19afe4109594599') in 0.027823 seconds
Number of updated asset objects reloaded before import = 0
Number of asset objects unloaded after import = 6
========================================================================
Received Import Request.
  Time since last request: 0.000041 seconds.
  path: Assets/WorldMaterialsFree/Built-In_RPMaterials/RuinStoneBricks_StandardShader.mat
  artifactKey: Guid(1fe720c95284ff24d8a9a2d5ef1b7c8c) Importer(815301076,1909f56bfc062723c751e8b465ee728b)
Start importing Assets/WorldMaterialsFree/Built-In_RPMaterials/RuinStoneBricks_StandardShader.mat using Guid(1fe720c95284ff24d8a9a2d5ef1b7c8c) Importer(815301076,1909f56bfc062723c751e8b465ee728b)  -> (artifact id: 'a5bad1ad84469aff16301de46549f0d0') in 0.029898 seconds
Number of updated asset objects reloaded before import = 0
Number of asset objects unloaded after import = 5
========================================================================
Received Import Request.
  Time since last request: 0.000031 seconds.
  path: Assets/WorldMaterialsFree/Built-In_RPMaterials/WoodenFlooring_WMShader.mat
  artifactKey: Guid(2d376d668dcec9045a4b0e642a7239d9) Importer(815301076,1909f56bfc062723c751e8b465ee728b)
Start importing Assets/WorldMaterialsFree/Built-In_RPMaterials/WoodenFlooring_WMShader.mat using Guid(2d376d668dcec9045a4b0e642a7239d9) Importer(815301076,1909f56bfc062723c751e8b465ee728b)  -> (artifact id: '8691a8ce6ad457812c22b1ffc64dc704') in 0.029740 seconds
Number of updated asset objects reloaded before import = 0
Number of asset objects unloaded after import = 7
========================================================================
Received Import Request.
  Time since last request: 0.000031 seconds.
  path: Assets/WorldMaterialsFree/Built-In_RPMaterials/DryRockyDirt_StandardShader.mat
  artifactKey: Guid(06d2d82c741d6b34692010a75df9b1fc) Importer(815301076,1909f56bfc062723c751e8b465ee728b)
Start importing Assets/WorldMaterialsFree/Built-In_RPMaterials/DryRockyDirt_StandardShader.mat using Guid(06d2d82c741d6b34692010a75df9b1fc) Importer(815301076,1909f56bfc062723c751e8b465ee728b)  -> (artifact id: '8c40a22408b131f13b6a5f11f30373e7') in 0.022201 seconds
Number of updated asset objects reloaded before import = 0
Number of asset objects unloaded after import = 5
========================================================================
Received Import Request.
  Time since last request: 0.000028 seconds.
  path: Assets/WorldMaterialsFree/Built-In_RPMaterials/PebbledGravel_WMShader.mat
  artifactKey: Guid(b29ce08ad640aeb48acdb7b6d2abcec7) Importer(815301076,1909f56bfc062723c751e8b465ee728b)
Start importing Assets/WorldMaterialsFree/Built-In_RPMaterials/PebbledGravel_WMShader.mat using Guid(b29ce08ad640aeb48acdb7b6d2abcec7) Importer(815301076,1909f56bfc062723c751e8b465ee728b)  -> (artifact id: '43af50638ec9fdc89da358d9e8e9ffb5') in 0.042366 seconds
Number of updated asset objects reloaded before import = 0
Number of asset objects unloaded after import = 7
========================================================================
Received Import Request.
  Time since last request: 0.000039 seconds.
  path: Assets/WorldMaterialsFree/Built-In_RPMaterials/WavySand_WMShader.mat
  artifactKey: Guid(fdb4ea3af6900bf46a224639828a821a) Importer(815301076,1909f56bfc062723c751e8b465ee728b)
Start importing Assets/WorldMaterialsFree/Built-In_RPMaterials/WavySand_WMShader.mat using Guid(fdb4ea3af6900bf46a224639828a821a) Importer(815301076,1909f56bfc062723c751e8b465ee728b)  -> (artifact id: '1e6e6bade809008fd1fdb726bfa020b5') in 0.042679 seconds
Number of updated asset objects reloaded before import = 0
Number of asset objects unloaded after import = 8
========================================================================
Received Import Request.
  Time since last request: 0.000030 seconds.
  path: Assets/WorldMaterialsFree/Built-In_RPMaterials/PebbledGravel_StandardShader.mat
  artifactKey: Guid(1d0c0bac13326d14a8fb5fda102ea2f7) Importer(815301076,1909f56bfc062723c751e8b465ee728b)
Start importing Assets/WorldMaterialsFree/Built-In_RPMaterials/PebbledGravel_StandardShader.mat using Guid(1d0c0bac13326d14a8fb5fda102ea2f7) Importer(815301076,1909f56bfc062723c751e8b465ee728b)  -> (artifact id: 'ad9681153f433725ef6c01c7d1929b80') in 0.027880 seconds
Number of updated asset objects reloaded before import = 0
Number of asset objects unloaded after import = 5
========================================================================
Received Import Request.
  Time since last request: 0.000049 seconds.
  path: Assets/WorldMaterialsFree/Built-In_RPMaterials/BrushedIron_StandardShader.mat
  artifactKey: Guid(9af34721d62dd804da5c720b8325b5d3) Importer(815301076,1909f56bfc062723c751e8b465ee728b)
Start importing Assets/WorldMaterialsFree/Built-In_RPMaterials/BrushedIron_StandardShader.mat using Guid(9af34721d62dd804da5c720b8325b5d3) Importer(815301076,1909f56bfc062723c751e8b465ee728b)  -> (artifact id: 'b082084f2f9e8d58504de76ce425865b') in 0.463072 seconds
Number of updated asset objects reloaded before import = 0
Number of asset objects unloaded after import = 7
========================================================================
Received Import Request.
  Time since last request: 0.000034 seconds.
  path: Assets/WorldMaterialsFree/Built-In_RPMaterials/DesertSandBrick_WMShader.mat
  artifactKey: Guid(8bbfa9999a12c1c4ba28eb1d7932bc91) Importer(815301076,1909f56bfc062723c751e8b465ee728b)
Start importing Assets/WorldMaterialsFree/Built-In_RPMaterials/DesertSandBrick_WMShader.mat using Guid(8bbfa9999a12c1c4ba28eb1d7932bc91) Importer(815301076,1909f56bfc062723c751e8b465ee728b)  -> (artifact id: '19f47bd49f31dff073da77723264d3fb') in 0.031673 seconds
Number of updated asset objects reloaded before import = 0
Number of asset objects unloaded after import = 7
========================================================================
Received Import Request.
  Time since last request: 0.000047 seconds.
  path: Assets/WorldMaterialsFree/Built-In_RPMaterials/GrassGravel_WMShader.mat
  artifactKey: Guid(1b6c1d2396b618d429f058ad4102cf2a) Importer(815301076,1909f56bfc062723c751e8b465ee728b)
Start importing Assets/WorldMaterialsFree/Built-In_RPMaterials/GrassGravel_WMShader.mat using Guid(1b6c1d2396b618d429f058ad4102cf2a) Importer(815301076,1909f56bfc062723c751e8b465ee728b)  -> (artifact id: '002d3ea92be45c81e4028a3e5fe01f91') in 0.034735 seconds
Number of updated asset objects reloaded before import = 0
Number of asset objects unloaded after import = 7
========================================================================
Received Import Request.
  Time since last request: 15.199752 seconds.
  path: Assets/WorldMaterialsFree/HDRPMaterials/WavySand_HDRPShader.mat
  artifactKey: Guid(2c17f54b0b03f5d43a3fbd60cf7fdd44) Importer(815301076,1909f56bfc062723c751e8b465ee728b)
Start importing Assets/WorldMaterialsFree/HDRPMaterials/WavySand_HDRPShader.mat using Guid(2c17f54b0b03f5d43a3fbd60cf7fdd44) Importer(815301076,1909f56bfc062723c751e8b465ee728b)  -> (artifact id: '061e8a1dc4fbdd202ed7b53c28be9372') in 0.084057 seconds
Number of updated asset objects reloaded before import = 0
Number of asset objects unloaded after import = 8
========================================================================
Received Import Request.
  Time since last request: 1.298202 seconds.
  path: Assets/WorldMaterialsFree/HDRPMaterials/HexBricks_HDRPShader.mat
  artifactKey: Guid(d42b07e2f4723cb478482ae2c25091a2) Importer(815301076,1909f56bfc062723c751e8b465ee728b)
Start importing Assets/WorldMaterialsFree/HDRPMaterials/HexBricks_HDRPShader.mat using Guid(d42b07e2f4723cb478482ae2c25091a2) Importer(815301076,1909f56bfc062723c751e8b465ee728b)  -> (artifact id: '031e22b05436c3b94db89c88f051dc3a') in 0.035147 seconds
Number of updated asset objects reloaded before import = 0
Number of asset objects unloaded after import = 7
========================================================================
Received Import Request.
  Time since last request: 0.676700 seconds.
  path: Assets/WorldMaterialsFree/URPMaterials/GrassClumps_URPShader.mat
  artifactKey: Guid(69ade465236531b4ab4043c198517b60) Importer(815301076,1909f56bfc062723c751e8b465ee728b)
Start importing Assets/WorldMaterialsFree/URPMaterials/GrassClumps_URPShader.mat using Guid(69ade465236531b4ab4043c198517b60) Importer(815301076,1909f56bfc062723c751e8b465ee728b)  -> (artifact id: '0e13c3b35415e4c29eb5e3363a57f921') in 0.028821 seconds
Number of updated asset objects reloaded before import = 0
Number of asset objects unloaded after import = 7
========================================================================
Received Import Request.
  Time since last request: 0.091384 seconds.
  path: Assets/WorldMaterialsFree/URPMaterials/DryRockyDirt_URPShader.mat
  artifactKey: Guid(5ad08ce23f1f5054da4dfab079f3979b) Importer(815301076,1909f56bfc062723c751e8b465ee728b)
Start importing Assets/WorldMaterialsFree/URPMaterials/DryRockyDirt_URPShader.mat using Guid(5ad08ce23f1f5054da4dfab079f3979b) Importer(815301076,1909f56bfc062723c751e8b465ee728b)  -> (artifact id: 'f9b19c598e14136f6bc3cce62c99ed33') in 0.026965 seconds
Number of updated asset objects reloaded before import = 0
Number of asset objects unloaded after import = 7
========================================================================
Received Import Request.
  Time since last request: 0.090770 seconds.
  path: Assets/WorldMaterialsFree/URPMaterials/DesertCliffRock_URPShader.mat
  artifactKey: Guid(1153a8a01726b4c468ed97bc6f71373e) Importer(815301076,1909f56bfc062723c751e8b465ee728b)
Start importing Assets/WorldMaterialsFree/URPMaterials/DesertCliffRock_URPShader.mat using Guid(1153a8a01726b4c468ed97bc6f71373e) Importer(815301076,1909f56bfc062723c751e8b465ee728b)  -> (artifact id: 'ec2d4ba991f3d125659c330e58f3ba34') in 0.031778 seconds
Number of updated asset objects reloaded before import = 0
Number of asset objects unloaded after import = 7
========================================================================
Received Import Request.
  Time since last request: 7.736585 seconds.
  path: Assets/WorldMaterialsFree/HDRPMaterials/BasketWeaveBricks_HDRPShader.mat
  artifactKey: Guid(f0e9e2f8d5a8e6f4590b034daecaebea) Importer(815301076,1909f56bfc062723c751e8b465ee728b)
Start importing Assets/WorldMaterialsFree/HDRPMaterials/BasketWeaveBricks_HDRPShader.mat using Guid(f0e9e2f8d5a8e6f4590b034daecaebea) Importer(815301076,1909f56bfc062723c751e8b465ee728b)  -> (artifact id: 'f87c312d4451510bf603d3054d4eec35') in 0.034516 seconds
Number of updated asset objects reloaded before import = 0
Number of asset objects unloaded after import = 7
Editor requested this worker to shutdown with reason: Scaling down because of idle timeout
TcpMessagingSession - receive error: operation aborted. errorcode: 995, details: The I/O operation has been aborted because of either a thread exit or an application request.
AssetImportWorker is now disconnected from the server
Process exiting
Exiting without the bug reporter. Application will terminate with return code 0